[2025-10-22 02:32:46.838] [INFO] 🚫 Blacklisted process detected: TextInputHost (PID: 15964)
[2025-10-22 02:32:46.840] [INFO] ✅ Process passed blacklist check: NVIDIA Overlay (PID: 10152)
[2025-10-22 02:32:46.840] [INFO] ⏸️ Different process detected but staying with current: 16772 (ignoring 10152)
[2025-10-22 02:32:49.842] [INFO] 🚫 Blacklisted process detected: TextInputHost (PID: 15964)
[2025-10-22 02:32:49.844] [INFO] ✅ Process passed blacklist check: NVIDIA Overlay (PID: 10152)
[2025-10-22 02:32:49.845] [INFO] ⏸️ Different process detected but staying with current: 16772 (ignoring 10152)
[2025-10-22 02:32:52.847] [INFO] 🚫 Blacklisted process detected: TextInputHost (PID: 15964)
[2025-10-22 02:32:52.850] [INFO] ✅ Process passed blacklist check: NVIDIA Overlay (PID: 10152)
[2025-10-22 02:32:52.850] [INFO] ⏸️ Different process detected but staying with current: 16772 (ignoring 10152)
[2025-10-22 02:32:53.034] [INFO] 📊 FPS Statistics (10s update):
[2025-10-22 02:32:53.034] [INFO] 🎮 Window Title Debug: ProcessName='iCUE', IsGameProcess=False
[2025-10-22 02:32:53.037] [INFO]    Process: PID:16772 | Name:'iCUE' | Window:'[No Window]' | Executable:'Corsair\Corsair iCUE5 Software\iCUE.exe' | Memory:217MB | Uptime:332.9min | Started:21:00:00
[2025-10-22 02:32:53.037] [INFO]    Current FPS: 5.9, Frame Time: 169.33ms
[2025-10-22 02:32:53.037] [INFO]    Statistics: Min=0.0, Avg=0.0, Max=0.4
[2025-10-22 02:32:55.852] [INFO] 🚫 Blacklisted process detected: TextInputHost (PID: 15964)
[2025-10-22 02:32:55.854] [INFO] ✅ Process passed blacklist check: NVIDIA Overlay (PID: 10152)
[2025-10-22 02:32:55.854] [INFO] ⏸️ Different process detected but staying with current: 16772 (ignoring 10152)
[2025-10-22 02:32:58.856] [INFO] 🚫 Blacklisted process detected: TextInputHost (PID: 15964)
[2025-10-22 02:32:58.859] [INFO] ✅ Process passed blacklist check: NVIDIA Overlay (PID: 10152)
[2025-10-22 02:32:58.859] [INFO] ⏸️ Different process detected but staying with current: 16772 (ignoring 10152)
[2025-10-22 02:33:01.861] [INFO] 🚫 Blacklisted process detected: TextInputHost (PID: 15964)
[2025-10-22 02:33:01.863] [INFO] ✅ Process passed blacklist check: NVIDIA Overlay (PID: 10152)
[2025-10-22 02:33:01.864] [INFO] ⏸️ Different process detected but staying with current: 16772 (ignoring 10152)
[2025-10-22 02:33:03.043] [INFO] 📊 FPS Statistics (10s update):
[2025-10-22 02:33:03.044] [INFO] 🎮 Window Title Debug: ProcessName='iCUE', IsGameProcess=False
[2025-10-22 02:33:03.046] [INFO]    Process: PID:16772 | Name:'iCUE' | Window:'[No Window]' | Executable:'Corsair\Corsair iCUE5 Software\iCUE.exe' | Memory:217MB | Uptime:333.0min | Started:21:00:00
[2025-10-22 02:33:03.047] [INFO]    Current FPS: 5.9, Frame Time: 169.33ms
[2025-10-22 02:33:03.047] [INFO]    Statistics: Min=0.0, Avg=0.0, Max=0.4
[2025-10-22 02:33:04.866] [INFO] 🚫 Blacklisted process detected: TextInputHost (PID: 15964)
[2025-10-22 02:33:04.868] [INFO] ✅ Process passed blacklist check: NVIDIA Overlay (PID: 10152)
[2025-10-22 02:33:04.868] [INFO] ⏸️ Different process detected but staying with current: 16772 (ignoring 10152)
[2025-10-22 02:33:07.869] [INFO] 🚫 Blacklisted process detected: TextInputHost (PID: 15964)
[2025-10-22 02:33:07.872] [INFO] ✅ Process passed blacklist check: NVIDIA Overlay (PID: 10152)
[2025-10-22 02:33:07.872] [INFO] ⏸️ Different process detected but staying with current: 16772 (ignoring 10152)
[2025-10-22 02:33:10.874] [INFO] 🚫 Blacklisted process detected: TextInputHost (PID: 15964)
[2025-10-22 02:33:10.876] [INFO] ✅ Process passed blacklist check: NVIDIA Overlay (PID: 10152)
[2025-10-22 02:33:10.877] [INFO] ⏸️ Different process detected but staying with current: 16772 (ignoring 10152)
[2025-10-22 02:33:13.051] [INFO] 📊 FPS Statistics (10s update):
[2025-10-22 02:33:13.052] [INFO] 🎮 Window Title Debug: ProcessName='iCUE', IsGameProcess=False
[2025-10-22 02:33:13.055] [INFO]    Process: PID:16772 | Name:'iCUE' | Window:'[No Window]' | Executable:'Corsair\Corsair iCUE5 Software\iCUE.exe' | Memory:217MB | Uptime:333.2min | Started:21:00:00
[2025-10-22 02:33:13.056] [INFO]    Current FPS: 5.9, Frame Time: 169.33ms
[2025-10-22 02:33:13.056] [INFO]    Statistics: Min=0.0, Avg=0.0, Max=0.4
[2025-10-22 02:33:13.879] [INFO] 🚫 Blacklisted process detected: TextInputHost (PID: 15964)
[2025-10-22 02:33:13.881] [INFO] ✅ Process passed blacklist check: NVIDIA Overlay (PID: 10152)
[2025-10-22 02:33:13.882] [INFO] ⏸️ Different process detected but staying with current: 16772 (ignoring 10152)
[2025-10-22 02:33:16.884] [INFO] 🚫 Blacklisted process detected: TextInputHost (PID: 15964)
[2025-10-22 02:33:16.887] [INFO] ✅ Process passed blacklist check: NVIDIA Overlay (PID: 10152)
[2025-10-22 02:33:16.888] [INFO] ⏸️ Different process detected but staying with current: 16772 (ignoring 10152)
[2025-10-22 02:33:19.890] [INFO] 🚫 Blacklisted process detected: TextInputHost (PID: 15964)
[2025-10-22 02:33:19.893] [INFO] ✅ Process passed blacklist check: NVIDIA Overlay (PID: 10152)
[2025-10-22 02:33:19.894] [INFO] ⏸️ Different process detected but staying with current: 16772 (ignoring 10152)
[2025-10-22 02:33:22.896] [INFO] 🚫 Blacklisted process detected: TextInputHost (PID: 15964)
[2025-10-22 02:33:22.899] [INFO] ✅ Process passed blacklist check: NVIDIA Overlay (PID: 10152)
[2025-10-22 02:33:22.899] [INFO] ⏸️ Different process detected but staying with current: 16772 (ignoring 10152)
[2025-10-22 02:33:23.060] [INFO] 📊 FPS Statistics (10s update):
[2025-10-22 02:33:23.060] [INFO] 🎮 Window Title Debug: ProcessName='iCUE', IsGameProcess=False
[2025-10-22 02:33:23.064] [INFO]    Process: PID:16772 | Name:'iCUE' | Window:'[No Window]' | Executable:'Corsair\Corsair iCUE5 Software\iCUE.exe' | Memory:220MB | Uptime:333.4min | Started:21:00:00
[2025-10-22 02:33:23.065] [INFO]    Current FPS: 5.9, Frame Time: 169.33ms
[2025-10-22 02:33:23.065] [INFO]    Statistics: Min=0.0, Avg=0.0, Max=0.4
[2025-10-22 02:33:25.981] [INFO] ✅ Process passed blacklist check: bf6 (PID: 25828)
[2025-10-22 02:33:25.989] [INFO] ⏸️ Different process detected but staying with current: 16772 (ignoring 25828)
[2025-10-22 02:33:29.072] [INFO] ✅ Process passed blacklist check: bf6 (PID: 25828)
[2025-10-22 02:33:29.082] [INFO] ⏸️ Different process detected but staying with current: 16772 (ignoring 25828)
[2025-10-22 02:33:32.164] [INFO] ✅ Process passed blacklist check: bf6 (PID: 25828)
[2025-10-22 02:33:32.173] [INFO] ⏸️ Different process detected but staying with current: 16772 (ignoring 25828)
[2025-10-22 02:33:33.067] [INFO] 📊 FPS Statistics (10s update):
[2025-10-22 02:33:33.068] [INFO] 🎮 Window Title Debug: ProcessName='iCUE', IsGameProcess=False
[2025-10-22 02:33:33.072] [INFO]    Process: PID:16772 | Name:'iCUE' | Window:'[No Window]' | Executable:'Corsair\Corsair iCUE5 Software\iCUE.exe' | Memory:220MB | Uptime:333.5min | Started:21:00:00
[2025-10-22 02:33:33.073] [INFO]    Current FPS: 5.9, Frame Time: 169.33ms
[2025-10-22 02:33:33.073] [INFO]    Statistics: Min=0.0, Avg=0.0, Max=0.4
[2025-10-22 02:33:35.251] [INFO] ✅ Process passed blacklist check: bf6 (PID: 25828)
[2025-10-22 02:33:35.260] [INFO] ⏸️ Different process detected but staying with current: 16772 (ignoring 25828)
[2025-10-22 02:33:38.338] [INFO] ✅ Process passed blacklist check: bf6 (PID: 25828)
[2025-10-22 02:33:38.348] [INFO] ⏸️ Different process detected but staying with current: 16772 (ignoring 25828)
[2025-10-22 02:33:41.430] [INFO] ✅ Process passed blacklist check: bf6 (PID: 25828)
[2025-10-22 02:33:41.438] [INFO] ⏸️ Different process detected but staying with current: 16772 (ignoring 25828)
[2025-10-22 02:33:43.074] [INFO] 📊 FPS Statistics (10s update):
[2025-10-22 02:33:43.075] [INFO] 🎮 Window Title Debug: ProcessName='iCUE', IsGameProcess=False
[2025-10-22 02:33:43.079] [INFO]    Process: PID:16772 | Name:'iCUE' | Window:'[No Window]' | Executable:'Corsair\Corsair iCUE5 Software\iCUE.exe' | Memory:219MB | Uptime:333.7min | Started:21:00:00
[2025-10-22 02:33:43.079] [INFO]    Current FPS: 5.9, Frame Time: 169.33ms
[2025-10-22 02:33:43.080] [INFO]    Statistics: Min=0.0, Avg=0.0, Max=0.4
[2025-10-22 02:33:44.519] [INFO] ✅ Process passed blacklist check: bf6 (PID: 25828)
[2025-10-22 02:33:44.528] [INFO] ⏸️ Different process detected but staying with current: 16772 (ignoring 25828)
[2025-10-22 02:33:47.612] [INFO] ✅ Process passed blacklist check: bf6 (PID: 25828)
[2025-10-22 02:33:47.620] [INFO] ⏸️ Different process detected but staying with current: 16772 (ignoring 25828)
[2025-10-22 02:33:50.699] [INFO] ✅ Process passed blacklist check: bf6 (PID: 25828)
[2025-10-22 02:33:50.707] [INFO] ⏸️ Different process detected but staying with current: 16772 (ignoring 25828)
[2025-10-22 02:33:53.081] [INFO] 📊 FPS Statistics (10s update):
[2025-10-22 02:33:53.081] [INFO] 🎮 Window Title Debug: ProcessName='iCUE', IsGameProcess=False
[2025-10-22 02:33:53.085] [INFO]    Process: PID:16772 | Name:'iCUE' | Window:'[No Window]' | Executable:'Corsair\Corsair iCUE5 Software\iCUE.exe' | Memory:219MB | Uptime:333.9min | Started:21:00:00
[2025-10-22 02:33:53.085] [INFO]    Current FPS: 5.9, Frame Time: 169.33ms
[2025-10-22 02:33:53.085] [INFO]    Statistics: Min=0.0, Avg=0.0, Max=0.4
[2025-10-22 02:33:53.783] [INFO] ✅ Process passed blacklist check: bf6 (PID: 25828)
[2025-10-22 02:33:53.792] [INFO] ⏸️ Different process detected but staying with current: 16772 (ignoring 25828)
[2025-10-22 02:33:56.875] [INFO] ✅ Process passed blacklist check: bf6 (PID: 25828)
[2025-10-22 02:33:56.884] [INFO] ⏸️ Different process detected but staying with current: 16772 (ignoring 25828)
[2025-10-22 02:33:59.968] [INFO] ✅ Process passed blacklist check: bf6 (PID: 25828)
[2025-10-22 02:33:59.977] [INFO] ⏸️ Different process detected but staying with current: 16772 (ignoring 25828)
[2025-10-22 02:34:03.059] [INFO] ✅ Process passed blacklist check: bf6 (PID: 25828)
[2025-10-22 02:34:03.070] [INFO] ⏸️ Different process detected but staying with current: 16772 (ignoring 25828)
[2025-10-22 02:34:03.088] [INFO] 📊 FPS Statistics (10s update):
[2025-10-22 02:34:03.089] [INFO] 🎮 Window Title Debug: ProcessName='iCUE', IsGameProcess=False
[2025-10-22 02:34:03.094] [INFO]    Process: PID:16772 | Name:'iCUE' | Window:'[No Window]' | Executable:'Corsair\Corsair iCUE5 Software\iCUE.exe' | Memory:219MB | Uptime:334.0min | Started:21:00:00
[2025-10-22 02:34:03.094] [INFO]    Current FPS: 5.9, Frame Time: 169.33ms
[2025-10-22 02:34:03.094] [INFO]    Statistics: Min=0.0, Avg=0.0, Max=0.4
[2025-10-22 02:34:06.154] [INFO] ✅ Process passed blacklist check: bf6 (PID: 25828)
[2025-10-22 02:34:06.162] [INFO] ⏸️ Different process detected but staying with current: 16772 (ignoring 25828)
[2025-10-22 02:34:09.240] [INFO] ✅ Process passed blacklist check: bf6 (PID: 25828)
[2025-10-22 02:34:09.249] [INFO] ⏸️ Different process detected but staying with current: 16772 (ignoring 25828)
[2025-10-22 02:34:12.329] [INFO] ✅ Process passed blacklist check: bf6 (PID: 25828)
[2025-10-22 02:34:12.339] [INFO] ⏸️ Different process detected but staying with current: 16772 (ignoring 25828)
[2025-10-22 02:34:13.096] [INFO] 📊 FPS Statistics (10s update):
[2025-10-22 02:34:13.097] [INFO] 🎮 Window Title Debug: ProcessName='iCUE', IsGameProcess=False
[2025-10-22 02:34:13.103] [INFO]    Process: PID:16772 | Name:'iCUE' | Window:'[No Window]' | Executable:'Corsair\Corsair iCUE5 Software\iCUE.exe' | Memory:219MB | Uptime:334.2min | Started:21:00:00
[2025-10-22 02:34:13.103] [INFO]    Current FPS: 5.9, Frame Time: 169.33ms
[2025-10-22 02:34:13.103] [INFO]    Statistics: Min=0.0, Avg=0.0, Max=0.4
[2025-10-22 02:34:16.237] [INFO] === InfoPanel.RTSS Debug Log Started ===
[2025-10-22 02:34:16.237] [INFO] Plugin Directory: C:\ProgramData\InfoPanel\plugins\InfoPanel.RTSS
[2025-10-22 02:34:16.237] [INFO] Assembly Location: C:\ProgramData\InfoPanel\plugins\InfoPanel.RTSS\InfoPanel.RTSS.dll
[2025-10-22 02:34:16.237] [INFO] === InfoPanel.RTSS Constructor Called ===
[2025-10-22 02:34:16.238] [INFO] DXGIFrameMonitoringService initialized
[2025-10-22 02:34:16.238] [INFO] PerformanceMonitoringService initialized with DXGI frame monitoring
[2025-10-22 02:34:16.241] [INFO] StableFullscreenDetectionService initialized
[2025-10-22 02:34:16.241] [INFO] All services initialized successfully
[2025-10-22 02:34:16.242] [INFO] Event subscriptions completed
[2025-10-22 02:34:16.622] [INFO] === RTSS Plugin Initialize() called ===
[2025-10-22 02:34:16.658] [INFO] System Information: GPU: NVIDIA GeForce RTX 3070 Ti, Display: 1920 x 1080@144Hz
[2025-10-22 02:34:16.659] [INFO] Continuous monitoring task started
[2025-10-22 02:34:16.659] [INFO] Initial window check task started
[2025-10-22 02:34:16.659] [INFO] RTSS Plugin initialization completed successfully
[2025-10-22 02:34:16.659] [INFO] === RTSS Plugin Load() called ===
[2025-10-22 02:34:16.660] [INFO] Sensors created and registered with InfoPanel
[2025-10-22 02:34:16.660] [INFO] System sensors updated with initial information
[2025-10-22 02:34:16.661] [INFO] === SIMPLIFIED CONTINUOUS MONITORING STARTED ===
[2025-10-22 02:34:16.749] [INFO] ✅ Process passed blacklist check: bf6 (PID: 25828)
[2025-10-22 02:34:16.757] [INFO] 📱 New fullscreen app detected: PID 25828
[2025-10-22 02:34:16.845] [INFO] === RTSS MONITORING START REQUEST ===
[2025-10-22 02:34:16.845] [INFO] Target Process: PID:25828 | Name:'bf6' | Window:'Battlefield™ 6' | Executable:'[Path Error]' | Memory:4714MB | Uptime:1.2min | Started:02:33:07
[2025-10-22 02:34:16.845] [INFO] Starting RTSS monitoring for: PID:25828 | Name:'bf6' | Window:'Battlefield™ 6' | Executable:'[Path Error]' | Memory:4714MB | Uptime:1.2min | Started:02:33:07
[2025-10-22 02:34:16.848] [INFO] Monitoring STARTED PID 25828
[2025-10-22 02:34:16.848] [INFO] Attempting RTSS shared memory monitoring (will retry if not hooked yet)
[2025-10-22 02:34:16.957] [INFO] === RTSS DETECTION PHASE ===
[2025-10-22 02:34:16.958] [INFO] Searching for RTSS hook on: PID:25828 | Name:'bf6' | Window:'Battlefield™ 6' | Executable:'[Path Error]' | Memory:4714MB | Uptime:1.2min | Started:02:33:07
[2025-10-22 02:34:16.958] [INFO] Will check RTSS shared memory versions: V2, V1
[2025-10-22 02:34:16.958] [INFO] Max retries: 60 seconds
[2025-10-22 02:34:16.967] [INFO] ✅ RTSS HOOK DETECTED after 0 seconds!
[2025-10-22 02:34:17.054] [INFO] ✅ Process passed blacklist check: bf6 (PID: 25828)
[2025-10-22 02:34:17.057] [INFO] Hooked Process: PID:25828 | Name:'bf6' | Window:'Battlefield™ 6' | Executable:'[Path Error]' | Memory:4715MB | Uptime:1.2min | Started:02:33:07
[2025-10-22 02:34:17.057] [INFO] Initial FPS Reading: 141.7 FPS, Frame Time: 7.06ms
[2025-10-22 02:34:17.065] [INFO] 🔍 RTSS Hook Debug: Process Name='bf6', MainWindowHandle=True
[2025-10-22 02:34:17.066] [INFO] 🔍 RTSS Hook Debug: GetProcessWindowTitle returned='Battlefield™ 6'
[2025-10-22 02:34:17.066] [INFO] ✅ Process passed blacklist check: iCUE (PID: 16772)
[2025-10-22 02:34:17.068] [INFO] RTSS successfully hooked PID 25828, updating window title: 'Battlefield™ 6'
[2025-10-22 02:34:17.070] [INFO] === CONTINUOUS MONITORING PHASE ===
[2025-10-22 02:34:17.070] [INFO] 📊 FPS Statistics (10s update):
[2025-10-22 02:34:17.155] [INFO]    Process: PID:25828 | Name:'bf6' | Window:'Battlefield™ 6' | Executable:'[Path Error]' | Memory:4715MB | Uptime:1.2min | Started:02:33:07
[2025-10-22 02:34:17.155] [INFO]    Current FPS: 141.7, Frame Time: 7.06ms
[2025-10-22 02:34:17.155] [INFO]    Statistics: Min=0.8, Avg=1.4, Max=5.4
[2025-10-22 02:34:17.240] [INFO] ✅ Process passed blacklist check: bf6 (PID: 25828)
[2025-10-22 02:34:17.271] [INFO] 🔄 Sensors reset to zero values
[2025-10-22 02:34:17.272] [INFO] Performance service monitoring state: False
[2025-10-22 02:34:17.326] [INFO] === RTSS MONITORING START REQUEST ===
[2025-10-22 02:34:17.326] [INFO] Target Process: PID:25828 | Name:'bf6' | Window:'Battlefield™ 6' | Executable:'[Path Error]' | Memory:4715MB | Uptime:1.2min | Started:02:33:07
[2025-10-22 02:34:17.326] [INFO] Starting RTSS monitoring for: PID:25828 | Name:'bf6' | Window:'Battlefield™ 6' | Executable:'[Path Error]' | Memory:4715MB | Uptime:1.2min | Started:02:33:07
[2025-10-22 02:34:17.326] [INFO] Monitoring STARTED PID 25828
[2025-10-22 02:34:17.326] [INFO] Attempting RTSS shared memory monitoring (will retry if not hooked yet)
[2025-10-22 02:34:17.409] [INFO] === RTSS DETECTION PHASE ===
[2025-10-22 02:34:17.410] [INFO] Searching for RTSS hook on: PID:25828 | Name:'bf6' | Window:'Battlefield™ 6' | Executable:'[Path Error]' | Memory:4715MB | Uptime:1.2min | Started:02:33:07
[2025-10-22 02:34:17.410] [INFO] Will check RTSS shared memory versions: V2, V1
[2025-10-22 02:34:17.410] [INFO] Max retries: 60 seconds
[2025-10-22 02:34:17.416] [INFO] ✅ RTSS HOOK DETECTED after 0 seconds!
[2025-10-22 02:34:17.476] [INFO] === RTSS MONITORING START REQUEST ===
[2025-10-22 02:34:17.477] [INFO] Target Process: PID:16772 | Name:'iCUE' | Window:'iCUE (Game)' | Executable:'Corsair\Corsair iCUE5 Software\iCUE.exe' | Memory:219MB | Uptime:334.3min | Started:21:00:00
[2025-10-22 02:34:17.477] [INFO] Starting RTSS monitoring for: PID:16772 | Name:'iCUE' | Window:'iCUE (Game)' | Executable:'Corsair\Corsair iCUE5 Software\iCUE.exe' | Memory:219MB | Uptime:334.3min | Started:21:00:00
[2025-10-22 02:34:17.477] [INFO] Already monitoring, stopping current monitoring first
[2025-10-22 02:34:17.501] [INFO] Hooked Process: PID:25828 | Name:'bf6' | Window:'Battlefield™ 6' | Executable:'[Path Error]' | Memory:4715MB | Uptime:1.2min | Started:02:33:07
[2025-10-22 02:34:17.501] [INFO] Initial FPS Reading: 142.9 FPS, Frame Time: 7.00ms
[2025-10-22 02:34:17.506] [INFO] 🔍 RTSS Hook Debug: Process Name='bf6', MainWindowHandle=True
[2025-10-22 02:34:17.506] [INFO] 🔍 RTSS Hook Debug: GetProcessWindowTitle returned='Battlefield™ 6'
[2025-10-22 02:34:17.506] [INFO] RTSS successfully hooked PID 25828, updating window title: 'Battlefield™ 6'
[2025-10-22 02:34:17.506] [INFO] === CONTINUOUS MONITORING PHASE ===
[2025-10-22 02:34:17.508] [INFO] Performance service monitoring state: True
[2025-10-22 02:34:17.578] [INFO] Monitoring STARTED PID 16772
[2025-10-22 02:34:17.578] [INFO] Attempting RTSS shared memory monitoring (will retry if not hooked yet)
[2025-10-22 02:34:17.579] [INFO] 🎮 Window Title Debug: ProcessName='iCUE', IsGameProcess=False
[2025-10-22 02:34:17.582] [INFO] === RTSS DETECTION PHASE ===
[2025-10-22 02:34:17.583] [INFO] Searching for RTSS hook on: PID:16772 | Name:'iCUE' | Window:'[No Window]' | Executable:'Corsair\Corsair iCUE5 Software\iCUE.exe' | Memory:219MB | Uptime:334.3min | Started:21:00:00
[2025-10-22 02:34:17.583] [INFO] Will check RTSS shared memory versions: V2, V1
[2025-10-22 02:34:17.583] [INFO] Max retries: 60 seconds
[2025-10-22 02:34:17.583] [INFO] ✅ RTSS HOOK DETECTED after 0 seconds!
[2025-10-22 02:34:17.584] [INFO] 🎮 Window Title Debug: ProcessName='iCUE', IsGameProcess=False
[2025-10-22 02:34:17.588] [INFO] Hooked Process: PID:16772 | Name:'iCUE' | Window:'[No Window]' | Executable:'Corsair\Corsair iCUE5 Software\iCUE.exe' | Memory:219MB | Uptime:334.3min | Started:21:00:00
[2025-10-22 02:34:17.588] [INFO] Initial FPS Reading: 5.9 FPS, Frame Time: 169.33ms
[2025-10-22 02:34:17.588] [INFO] 🔍 RTSS Hook Debug: Process Name='iCUE', MainWindowHandle=False
[2025-10-22 02:34:17.589] [INFO] 🎮 Window Title Debug: ProcessName='iCUE', IsGameProcess=False
[2025-10-22 02:34:17.589] [INFO] 🔍 RTSS Hook Debug: GetProcessWindowTitle returned='[No Window]'
[2025-10-22 02:34:17.589] [INFO] RTSS successfully hooked PID 16772, updating window title: '[No Window]'
[2025-10-22 02:34:17.589] [INFO] === CONTINUOUS MONITORING PHASE ===
[2025-10-22 02:34:20.356] [INFO] ✅ Process passed blacklist check: bf6 (PID: 25828)
[2025-10-22 02:34:20.366] [INFO] ⏸️ Different process detected but staying with current: 16772 (ignoring 25828)
[2025-10-22 02:34:23.498] [INFO] ✅ Process passed blacklist check: bf6 (PID: 25828)
[2025-10-22 02:34:23.509] [INFO] ⏸️ Different process detected but staying with current: 16772 (ignoring 25828)
[2025-10-22 02:34:26.588] [INFO] ✅ Process passed blacklist check: bf6 (PID: 25828)
[2025-10-22 02:34:26.596] [INFO] ⏸️ Different process detected but staying with current: 16772 (ignoring 25828)
[2025-10-22 02:34:27.593] [INFO] 📊 FPS Statistics (10s update):
[2025-10-22 02:34:27.594] [INFO] 🎮 Window Title Debug: ProcessName='iCUE', IsGameProcess=False
[2025-10-22 02:34:27.598] [INFO]    Process: PID:16772 | Name:'iCUE' | Window:'[No Window]' | Executable:'Corsair\Corsair iCUE5 Software\iCUE.exe' | Memory:219MB | Uptime:334.5min | Started:21:00:00
[2025-10-22 02:34:27.598] [INFO]    Current FPS: 5.9, Frame Time: 169.33ms
[2025-10-22 02:34:27.599] [INFO]    Statistics: Min=0.0, Avg=0.0, Max=0.4
[2025-10-22 02:34:29.676] [INFO] ✅ Process passed blacklist check: bf6 (PID: 25828)
[2025-10-22 02:34:29.684] [INFO] ⏸️ Different process detected but staying with current: 16772 (ignoring 25828)
[2025-10-22 02:34:32.765] [INFO] ✅ Process passed blacklist check: bf6 (PID: 25828)
[2025-10-22 02:34:32.774] [INFO] ⏸️ Different process detected but staying with current: 16772 (ignoring 25828)
[2025-10-22 02:34:35.858] [INFO] ✅ Process passed blacklist check: bf6 (PID: 25828)
[2025-10-22 02:34:35.868] [INFO] ⏸️ Different process detected but staying with current: 16772 (ignoring 25828)
[2025-10-22 02:34:37.605] [INFO] 📊 FPS Statistics (10s update):
[2025-10-22 02:34:37.605] [INFO] 🎮 Window Title Debug: ProcessName='iCUE', IsGameProcess=False
[2025-10-22 02:34:37.609] [INFO]    Process: PID:16772 | Name:'iCUE' | Window:'[No Window]' | Executable:'Corsair\Corsair iCUE5 Software\iCUE.exe' | Memory:219MB | Uptime:334.6min | Started:21:00:00
[2025-10-22 02:34:37.610] [INFO]    Current FPS: 5.9, Frame Time: 169.33ms
[2025-10-22 02:34:37.610] [INFO]    Statistics: Min=0.0, Avg=0.0, Max=0.4
[2025-10-22 02:34:38.948] [INFO] ✅ Process passed blacklist check: bf6 (PID: 25828)
[2025-10-22 02:34:38.956] [INFO] ⏸️ Different process detected but staying with current: 16772 (ignoring 25828)
[2025-10-22 02:34:42.037] [INFO] ✅ Process passed blacklist check: bf6 (PID: 25828)
[2025-10-22 02:34:42.044] [INFO] ⏸️ Different process detected but staying with current: 16772 (ignoring 25828)
[2025-10-22 02:34:45.127] [INFO] ✅ Process passed blacklist check: bf6 (PID: 25828)
[2025-10-22 02:34:45.138] [INFO] ⏸️ Different process detected but staying with current: 16772 (ignoring 25828)
[2025-10-22 02:34:47.615] [INFO] 📊 FPS Statistics (10s update):
[2025-10-22 02:34:47.616] [INFO] 🎮 Window Title Debug: ProcessName='iCUE', IsGameProcess=False
[2025-10-22 02:34:47.619] [INFO]    Process: PID:16772 | Name:'iCUE' | Window:'[No Window]' | Executable:'Corsair\Corsair iCUE5 Software\iCUE.exe' | Memory:219MB | Uptime:334.8min | Started:21:00:00
[2025-10-22 02:34:47.620] [INFO]    Current FPS: 5.9, Frame Time: 169.33ms
[2025-10-22 02:34:47.620] [INFO]    Statistics: Min=0.0, Avg=0.0, Max=0.4
[2025-10-22 02:34:48.217] [INFO] ✅ Process passed blacklist check: bf6 (PID: 25828)
[2025-10-22 02:34:48.227] [INFO] ⏸️ Different process detected but staying with current: 16772 (ignoring 25828)
[2025-10-22 02:34:51.311] [INFO] ✅ Process passed blacklist check: bf6 (PID: 25828)
[2025-10-22 02:34:51.317] [INFO] 🔄 Current process dead, switching monitoring: 16772 → 25828
[2025-10-22 02:34:51.317] [INFO] 🔄 Sensors reset to zero values
[2025-10-22 02:34:51.317] [INFO] Performance service monitoring state: False
[2025-10-22 02:34:51.402] [INFO] === RTSS MONITORING START REQUEST ===
[2025-10-22 02:34:51.402] [INFO] Target Process: PID:25828 | Name:'bf6' | Window:'Battlefield™ 6' | Executable:'[Path Error]' | Memory:4730MB | Uptime:1.7min | Started:02:33:07
[2025-10-22 02:34:51.403] [INFO] Starting RTSS monitoring for: PID:25828 | Name:'bf6' | Window:'Battlefield™ 6' | Executable:'[Path Error]' | Memory:4730MB | Uptime:1.7min | Started:02:33:07
[2025-10-22 02:34:51.403] [INFO] Monitoring STARTED PID 25828
[2025-10-22 02:34:51.403] [INFO] Attempting RTSS shared memory monitoring (will retry if not hooked yet)
[2025-10-22 02:34:51.486] [INFO] === RTSS DETECTION PHASE ===
[2025-10-22 02:34:51.486] [INFO] Searching for RTSS hook on: PID:25828 | Name:'bf6' | Window:'Battlefield™ 6' | Executable:'[Path Error]' | Memory:4730MB | Uptime:1.7min | Started:02:33:07
[2025-10-22 02:34:51.486] [INFO] Will check RTSS shared memory versions: V2, V1
[2025-10-22 02:34:51.486] [INFO] Max retries: 60 seconds
[2025-10-22 02:34:51.492] [INFO] ✅ RTSS HOOK DETECTED after 0 seconds!
[2025-10-22 02:34:51.579] [INFO] Hooked Process: PID:25828 | Name:'bf6' | Window:'Battlefield™ 6' | Executable:'[Path Error]' | Memory:4731MB | Uptime:1.7min | Started:02:33:07
[2025-10-22 02:34:51.579] [INFO] Initial FPS Reading: 141.7 FPS, Frame Time: 7.06ms
[2025-10-22 02:34:51.584] [INFO] 🔍 RTSS Hook Debug: Process Name='bf6', MainWindowHandle=True
[2025-10-22 02:34:51.584] [INFO] 🔍 RTSS Hook Debug: GetProcessWindowTitle returned='Battlefield™ 6'
[2025-10-22 02:34:51.584] [INFO] RTSS successfully hooked PID 25828, updating window title: 'Battlefield™ 6'
[2025-10-22 02:34:51.585] [INFO] === CONTINUOUS MONITORING PHASE ===
[2025-10-22 02:34:56.528] [INFO] === InfoPanel.RTSS Debug Log Started ===
[2025-10-22 02:34:56.528] [INFO] Plugin Directory: C:\ProgramData\InfoPanel\plugins\InfoPanel.RTSS
[2025-10-22 02:34:56.528] [INFO] Assembly Location: C:\ProgramData\InfoPanel\plugins\InfoPanel.RTSS\InfoPanel.RTSS.dll
[2025-10-22 02:34:56.528] [INFO] === InfoPanel.RTSS Constructor Called ===
[2025-10-22 02:34:56.529] [INFO] DXGIFrameMonitoringService initialized
[2025-10-22 02:34:56.529] [INFO] PerformanceMonitoringService initialized with DXGI frame monitoring
[2025-10-22 02:34:56.533] [INFO] StableFullscreenDetectionService initialized
[2025-10-22 02:34:56.534] [INFO] All services initialized successfully
[2025-10-22 02:34:56.534] [INFO] Event subscriptions completed
[2025-10-22 02:34:56.924] [INFO] === RTSS Plugin Initialize() called ===
[2025-10-22 02:34:56.961] [INFO] System Information: GPU: NVIDIA GeForce RTX 3070 Ti, Display: 1920 x 1080@144Hz
[2025-10-22 02:34:56.962] [INFO] Continuous monitoring task started
[2025-10-22 02:34:56.962] [INFO] Initial window check task started
[2025-10-22 02:34:56.962] [INFO] RTSS Plugin initialization completed successfully
[2025-10-22 02:34:56.962] [INFO] === RTSS Plugin Load() called ===
[2025-10-22 02:34:56.963] [INFO] Sensors created and registered with InfoPanel
[2025-10-22 02:34:56.965] [INFO] System sensors updated with initial information
[2025-10-22 02:34:56.965] [INFO] === SIMPLIFIED CONTINUOUS MONITORING STARTED ===
[2025-10-22 02:34:57.054] [INFO] ✅ Process passed blacklist check: bf6 (PID: 25828)
[2025-10-22 02:34:57.060] [INFO] 📱 New fullscreen app detected: PID 25828
[2025-10-22 02:34:57.170] [INFO] === RTSS MONITORING START REQUEST ===
[2025-10-22 02:34:57.170] [INFO] Target Process: PID:25828 | Name:'bf6' | Window:'Battlefield™ 6' | Executable:'[Path Error]' | Memory:4735MB | Uptime:1.8min | Started:02:33:07
[2025-10-22 02:34:57.171] [INFO] Starting RTSS monitoring for: PID:25828 | Name:'bf6' | Window:'Battlefield™ 6' | Executable:'[Path Error]' | Memory:4735MB | Uptime:1.8min | Started:02:33:07
[2025-10-22 02:34:57.175] [INFO] Monitoring STARTED PID 25828
[2025-10-22 02:34:57.176] [INFO] Attempting RTSS shared memory monitoring (will retry if not hooked yet)
[2025-10-22 02:34:57.271] [INFO] === RTSS DETECTION PHASE ===
[2025-10-22 02:34:57.272] [INFO] Searching for RTSS hook on: PID:25828 | Name:'bf6' | Window:'Battlefield™ 6' | Executable:'[Path Error]' | Memory:4735MB | Uptime:1.8min | Started:02:33:07
[2025-10-22 02:34:57.272] [INFO] Will check RTSS shared memory versions: V2, V1
[2025-10-22 02:34:57.272] [INFO] Max retries: 60 seconds
[2025-10-22 02:34:57.289] [INFO] ✅ RTSS HOOK DETECTED after 0 seconds!
[2025-10-22 02:34:57.375] [INFO] ✅ Process passed blacklist check: bf6 (PID: 25828)
[2025-10-22 02:34:57.380] [INFO] Hooked Process: PID:25828 | Name:'bf6' | Window:'Battlefield™ 6' | Executable:'[Path Error]' | Memory:4735MB | Uptime:1.8min | Started:02:33:07
[2025-10-22 02:34:57.381] [INFO] Initial FPS Reading: 136.8 FPS, Frame Time: 7.31ms
[2025-10-22 02:34:57.388] [INFO] 🔍 RTSS Hook Debug: Process Name='bf6', MainWindowHandle=True
[2025-10-22 02:34:57.388] [INFO] 🔍 RTSS Hook Debug: GetProcessWindowTitle returned='Battlefield™ 6'
[2025-10-22 02:34:57.389] [INFO] RTSS successfully hooked PID 25828, updating window title: 'Battlefield™ 6'
[2025-10-22 02:34:57.390] [INFO] === CONTINUOUS MONITORING PHASE ===
[2025-10-22 02:34:57.390] [INFO] 📊 FPS Statistics (10s update):
[2025-10-22 02:34:57.474] [INFO] ✅ Process passed blacklist check: bf6 (PID: 25828)
[2025-10-22 02:34:57.480] [INFO]    Process: PID:25828 | Name:'bf6' | Window:'Battlefield™ 6' | Executable:'[Path Error]' | Memory:4735MB | Uptime:1.8min | Started:02:33:07
[2025-10-22 02:34:57.481] [INFO]    Current FPS: 136.8, Frame Time: 7.31ms
[2025-10-22 02:34:57.481] [INFO]    Statistics: Min=0.8, Avg=1.4, Max=5.4
[2025-10-22 02:34:57.541] [INFO] ✅ Process passed blacklist check: bf6 (PID: 25828)
[2025-10-22 02:34:57.629] [INFO] === RTSS MONITORING START REQUEST ===
[2025-10-22 02:34:57.630] [INFO] Target Process: PID:25828 | Name:'bf6' | Window:'Battlefield™ 6' | Executable:'[Path Error]' | Memory:4739MB | Uptime:1.8min | Started:02:33:07
[2025-10-22 02:34:57.630] [INFO] Starting RTSS monitoring for: PID:25828 | Name:'bf6' | Window:'Battlefield™ 6' | Executable:'[Path Error]' | Memory:4739MB | Uptime:1.8min | Started:02:33:07
[2025-10-22 02:34:57.631] [INFO] Performance service monitoring state: True
[2025-10-22 02:34:58.573] [INFO] ✅ Process passed blacklist check: bf6 (PID: 25828)
[2025-10-22 02:34:58.662] [INFO] ✅ Process passed blacklist check: bf6 (PID: 25828)
[2025-10-22 02:34:59.762] [INFO] ✅ Process passed blacklist check: bf6 (PID: 25828)
[2025-10-22 02:34:59.849] [INFO] ✅ Process passed blacklist check: bf6 (PID: 25828)
[2025-10-22 02:35:00.941] [INFO] ✅ Process passed blacklist check: bf6 (PID: 25828)
[2025-10-22 02:35:01.028] [INFO] ✅ Process passed blacklist check: bf6 (PID: 25828)
[2025-10-22 02:35:02.124] [INFO] ✅ Process passed blacklist check: bf6 (PID: 25828)
[2025-10-22 02:35:02.212] [INFO] ✅ Process passed blacklist check: bf6 (PID: 25828)
[2025-10-22 02:35:03.307] [INFO] ✅ Process passed blacklist check: bf6 (PID: 25828)
[2025-10-22 02:35:03.392] [INFO] ✅ Process passed blacklist check: bf6 (PID: 25828)
[2025-10-22 02:35:04.485] [INFO] ✅ Process passed blacklist check: bf6 (PID: 25828)
[2025-10-22 02:35:04.573] [INFO] ✅ Process passed blacklist check: bf6 (PID: 25828)
[2025-10-22 02:35:05.674] [INFO] ✅ Process passed blacklist check: bf6 (PID: 25828)
[2025-10-22 02:35:05.764] [INFO] ✅ Process passed blacklist check: bf6 (PID: 25828)
[2025-10-22 02:35:06.861] [INFO] ✅ Process passed blacklist check: bf6 (PID: 25828)
[2025-10-22 02:35:06.946] [INFO] ✅ Process passed blacklist check: bf6 (PID: 25828)
[2025-10-22 02:35:07.538] [INFO] 📊 FPS Statistics (10s update):
[2025-10-22 02:35:07.619] [INFO]    Process: PID:25828 | Name:'bf6' | Window:'Battlefield™ 6' | Executable:'[Path Error]' | Memory:4765MB | Uptime:2.0min | Started:02:33:07
[2025-10-22 02:35:07.620] [INFO]    Current FPS: 110.2, Frame Time: 9.07ms
[2025-10-22 02:35:07.620] [INFO]    Statistics: Min=0.8, Avg=1.4, Max=5.4
[2025-10-22 02:35:08.037] [INFO] ✅ Process passed blacklist check: bf6 (PID: 25828)
[2025-10-22 02:35:08.121] [INFO] ✅ Process passed blacklist check: bf6 (PID: 25828)
[2025-10-22 02:35:09.221] [INFO] ✅ Process passed blacklist check: bf6 (PID: 25828)
[2025-10-22 02:35:09.311] [INFO] ✅ Process passed blacklist check: bf6 (PID: 25828)
[2025-10-22 02:35:10.421] [INFO] ✅ Process passed blacklist check: bf6 (PID: 25828)
[2025-10-22 02:35:10.518] [INFO] ✅ Process passed blacklist check: bf6 (PID: 25828)
[2025-10-22 02:35:11.611] [INFO] ✅ Process passed blacklist check: bf6 (PID: 25828)
[2025-10-22 02:35:11.696] [INFO] ✅ Process passed blacklist check: bf6 (PID: 25828)
[2025-10-22 02:35:12.793] [INFO] ✅ Process passed blacklist check: bf6 (PID: 25828)
[2025-10-22 02:35:12.881] [INFO] ✅ Process passed blacklist check: bf6 (PID: 25828)
[2025-10-22 02:35:13.978] [INFO] ✅ Process passed blacklist check: bf6 (PID: 25828)
[2025-10-22 02:35:14.064] [INFO] ✅ Process passed blacklist check: bf6 (PID: 25828)
[2025-10-22 02:35:15.161] [INFO] ✅ Process passed blacklist check: bf6 (PID: 25828)
[2025-10-22 02:35:15.248] [INFO] ✅ Process passed blacklist check: bf6 (PID: 25828)
[2025-10-22 02:35:16.350] [INFO] ✅ Process passed blacklist check: bf6 (PID: 25828)
[2025-10-22 02:35:16.441] [INFO] ✅ Process passed blacklist check: bf6 (PID: 25828)
[2025-10-22 02:35:17.536] [INFO] ✅ Process passed blacklist check: bf6 (PID: 25828)
[2025-10-22 02:35:17.625] [INFO] ✅ Process passed blacklist check: bf6 (PID: 25828)
[2025-10-22 02:35:17.681] [INFO] 📊 FPS Statistics (10s update):
[2025-10-22 02:35:17.768] [INFO]    Process: PID:25828 | Name:'bf6' | Window:'Battlefield™ 6' | Executable:'[Path Error]' | Memory:4769MB | Uptime:2.2min | Started:02:33:07
[2025-10-22 02:35:17.769] [INFO]    Current FPS: 141.9, Frame Time: 7.05ms
[2025-10-22 02:35:17.769] [INFO]    Statistics: Min=0.8, Avg=1.4, Max=5.4
[2025-10-22 02:35:18.731] [INFO] ✅ Process passed blacklist check: bf6 (PID: 25828)
[2025-10-22 02:35:18.823] [INFO] ✅ Process passed blacklist check: bf6 (PID: 25828)
[2025-10-22 02:35:19.928] [INFO] ✅ Process passed blacklist check: bf6 (PID: 25828)
[2025-10-22 02:35:20.019] [INFO] ✅ Process passed blacklist check: bf6 (PID: 25828)
[2025-10-22 02:35:21.119] [INFO] ✅ Process passed blacklist check: bf6 (PID: 25828)
[2025-10-22 02:35:21.129] [INFO] ✅ Process passed blacklist check: iCUE (PID: 3020)
[2025-10-22 02:35:21.130] [INFO] 🔄 Sensors reset to zero values
[2025-10-22 02:35:21.133] [INFO] Performance service monitoring state: False
[2025-10-22 02:35:21.139] [INFO] === RTSS MONITORING START REQUEST ===
[2025-10-22 02:35:21.139] [INFO] Target Process: PID:3020 | Name:'iCUE' | Window:'iCUE' | Executable:'Corsair\Corsair iCUE5 Software\iCUE.exe' | Memory:319MB | Uptime:0.1min | Started:02:35:15
[2025-10-22 02:35:21.139] [INFO] Starting RTSS monitoring for: PID:3020 | Name:'iCUE' | Window:'iCUE' | Executable:'Corsair\Corsair iCUE5 Software\iCUE.exe' | Memory:319MB | Uptime:0.1min | Started:02:35:15
[2025-10-22 02:35:21.140] [INFO] Monitoring STARTED PID 3020
[2025-10-22 02:35:21.140] [INFO] Attempting RTSS shared memory monitoring (will retry if not hooked yet)
[2025-10-22 02:35:21.148] [INFO] === RTSS DETECTION PHASE ===
[2025-10-22 02:35:21.148] [INFO] Searching for RTSS hook on: PID:3020 | Name:'iCUE' | Window:'iCUE' | Executable:'Corsair\Corsair iCUE5 Software\iCUE.exe' | Memory:320MB | Uptime:0.1min | Started:02:35:15
[2025-10-22 02:35:21.149] [INFO] Will check RTSS shared memory versions: V2, V1
[2025-10-22 02:35:21.149] [INFO] Max retries: 60 seconds
[2025-10-22 02:35:21.149] [INFO] ✅ RTSS HOOK DETECTED after 0 seconds!
[2025-10-22 02:35:21.154] [INFO] Hooked Process: PID:3020 | Name:'iCUE' | Window:'iCUE' | Executable:'Corsair\Corsair iCUE5 Software\iCUE.exe' | Memory:320MB | Uptime:0.1min | Started:02:35:15
[2025-10-22 02:35:21.154] [INFO] Initial FPS Reading: 142.7 FPS, Frame Time: 7.01ms
[2025-10-22 02:35:21.154] [INFO] 🔍 RTSS Hook Debug: Process Name='iCUE', MainWindowHandle=True
[2025-10-22 02:35:21.155] [INFO] 🔍 RTSS Hook Debug: GetProcessWindowTitle returned='iCUE'
[2025-10-22 02:35:21.155] [INFO] RTSS successfully hooked PID 3020, updating window title: 'iCUE'
[2025-10-22 02:35:21.156] [INFO] === CONTINUOUS MONITORING PHASE ===
[2025-10-22 02:35:24.232] [INFO] ✅ Process passed blacklist check: bf6 (PID: 25828)
[2025-10-22 02:35:24.245] [INFO] ⏸️ Different process detected but staying with current: 3020 (ignoring 25828)
[2025-10-22 02:35:27.327] [INFO] ✅ Process passed blacklist check: bf6 (PID: 25828)
[2025-10-22 02:35:27.338] [INFO] ⏸️ Different process detected but staying with current: 3020 (ignoring 25828)
[2025-10-22 02:35:28.157] [INFO] 📊 FPS Statistics (10s update):
[2025-10-22 02:35:28.158] [INFO] 🎮 Window Title Debug: ProcessName='iCUE', IsGameProcess=False
[2025-10-22 02:35:28.162] [INFO]    Process: PID:3020 | Name:'iCUE' | Window:'[No Window]' | Executable:'Corsair\Corsair iCUE5 Software\iCUE.exe' | Memory:401MB | Uptime:0.2min | Started:02:35:15
[2025-10-22 02:35:28.162] [INFO]    Current FPS: 4.0, Frame Time: 247.50ms
[2025-10-22 02:35:28.163] [INFO]    Statistics: Min=0.0, Avg=0.2, Max=1.0
[2025-10-22 02:35:30.418] [INFO] ✅ Process passed blacklist check: bf6 (PID: 25828)
[2025-10-22 02:35:30.427] [INFO] ⏸️ Different process detected but staying with current: 3020 (ignoring 25828)
[2025-10-22 02:35:33.513] [INFO] ✅ Process passed blacklist check: bf6 (PID: 25828)
[2025-10-22 02:35:33.522] [INFO] ⏸️ Different process detected but staying with current: 3020 (ignoring 25828)
[2025-10-22 02:35:36.603] [INFO] ✅ Process passed blacklist check: bf6 (PID: 25828)
[2025-10-22 02:35:36.614] [INFO] ⏸️ Different process detected but staying with current: 3020 (ignoring 25828)
[2025-10-22 02:35:38.165] [INFO] 📊 FPS Statistics (10s update):
[2025-10-22 02:35:38.166] [INFO] 🎮 Window Title Debug: ProcessName='iCUE', IsGameProcess=False
[2025-10-22 02:35:38.170] [INFO]    Process: PID:3020 | Name:'iCUE' | Window:'[No Window]' | Executable:'Corsair\Corsair iCUE5 Software\iCUE.exe' | Memory:363MB | Uptime:0.4min | Started:02:35:15
[2025-10-22 02:35:38.170] [INFO]    Current FPS: 4.0, Frame Time: 247.50ms
[2025-10-22 02:35:38.171] [INFO]    Statistics: Min=0.0, Avg=0.2, Max=1.0
[2025-10-22 02:35:39.698] [INFO] ✅ Process passed blacklist check: bf6 (PID: 25828)
[2025-10-22 02:35:39.707] [INFO] ⏸️ Different process detected but staying with current: 3020 (ignoring 25828)
